<?xml version="1.0" encoding="UTF-8"?>
<testsuite xmlns:xsi="http://www.w3.org/2001/XMLSchema-instance" xsi:noNamespaceSchemaLocation="https://maven.apache.org/surefire/maven-surefire-plugin/xsd/surefire-test-report.xsd" name="nl.fontys.sebivenlo.switcher.SwitcherTest" time="5.148" tests="2" errors="0" skipped="0" failures="0">
  <properties>
[...]
</properties>
  <testcase name="tSwitch" classname="nl.fontys.sebivenlo.switcher.SwitcherTest" time="4.089"/>
  <testcase name="tSwitchCombo" classname="nl.fontys.sebivenlo.switcher.SwitcherTest" time="1.054"/>
</testsuite>