<?xml version="1.0" encoding="UTF-8"?>
<testsuite xmlns:xsi="http://www.w3.org/2001/XMLSchema-instance" xsi:noNamespaceSchemaLocation="https://maven.apache.org/surefire/maven-surefire-plugin/xsd/surefire-test-report.xsd" name="consoleoutput.ConsoleOutputTest" time="0.055" tests="3" errors="0" skipped="0" failures="0">
  <properties>
[...]
</properties>
  <testcase name="tformattedPrint" classname="consoleoutput.ConsoleOutputTest" time="0.046"/>
  <testcase name="tConsoleOutput" classname="consoleoutput.ConsoleOutputTest" time="0"/>
  <testcase name="tUsingAppenenAandClear" classname="consoleoutput.ConsoleOutputTest" time="0.005"/>
</testsuite>