-------------------------------------------------------------------------------
Test set: myfirstmock.BusinessTest
-------------------------------------------------------------------------------
Tests run: 2, Failures: 1, Errors: 0, Skipped: 0, Time elapsed: 1.06 s <<< FAILURE! - in myfirstmock.BusinessTest
doesItPrintBusiness  Time elapsed: 1.052 s  <<< FAILURE!
java.lang.AssertionError: test does It print ended. You know what to do.
	at myfirstmock.BusinessTest.doesItPrintBusiness(BusinessTest.java:57)

