<?xml version="1.0" encoding="UTF-8"?>
<testsuite xmlns:xsi="http://www.w3.org/2001/XMLSchema-instance" xsi:noNamespaceSchemaLocation="https://maven.apache.org/surefire/maven-surefire-plugin/xsd/surefire-test-report.xsd" name="myfirstmock.BusinessTest" time="1.06" tests="2" errors="0" skipped="0" failures="1">
  <properties>
[...]
</properties>
  <testcase name="doesItPrintBusiness" classname="myfirstmock.BusinessTest" time="1.052">
    <failure message="test does It print ended. You know what to do." type="java.lang.AssertionError">java.lang.AssertionError: test does It print ended. You know what to do.
	at myfirstmock.BusinessTest.doesItPrintBusiness(BusinessTest.java:57)
</failure>
  </testcase>
  <testcase name="doesItPrint" classname="myfirstmock.BusinessTest" time="0"/>
</testsuite>