<?xml version="1.0" encoding="UTF-8"?>
<testsuite xmlns:xsi="http://www.w3.org/2001/XMLSchema-instance" xsi:noNamespaceSchemaLocation="https://maven.apache.org/surefire/maven-surefire-plugin/xsd/surefire-test-report.xsd" name="assertjdemo.StringDemoTest" time="0.048" tests="1" errors="0" skipped="0" failures="1">
  <properties>
[...]
</properties>
  <testcase name="stringContains" classname="assertjdemo.StringDemoTest" time="0.044">
    <failure message="&#10;Expecting:&#10; &lt;&quot;Hello world&quot;&gt;&#10;to contain:&#10; &lt;[&quot;Hello&quot;, &quot;World&quot;]&gt;&#10;but could not find:&#10; &lt;[&quot;World&quot;]&gt;&#10; " type="java.lang.AssertionError"><![CDATA[java.lang.AssertionError: 

Expecting:
 <"Hello world">
to contain:
 <["Hello", "World"]>
but could not find:
 <["World"]>
 
	at assertjdemo.StringDemoTest.stringContains(StringDemoTest.java:22)
]]></failure>
  </testcase>
</testsuite>