<?xml version="1.0" encoding="UTF-8"?>
<testsuite xmlns:xsi="http://www.w3.org/2001/XMLSchema-instance" xsi:noNamespaceSchemaLocation="https://maven.apache.org/surefire/maven-surefire-plugin/xsd/surefire-test-report.xsd" name="cabbage.CabbageTest" time="0.132" tests="3" errors="0" skipped="0" failures="2">
  <properties>
[...]
</properties>
  <testcase name="testMethod{TD}[1]" classname="cabbage.CabbageTest" time="0.102">
    <failure message="[stinks worse] &#10;Expecting:&#10; &lt;-1&gt;&#10;to be equal to:&#10; &lt;1&gt;&#10;but was not." type="org.opentest4j.AssertionFailedError"><![CDATA[org.opentest4j.AssertionFailedError: 
[stinks worse] 
Expecting:
 <-1>
to be equal to:
 <1>
but was not.
	at cabbage.CabbageTest.testMethod(CabbageTest.java:51)
]]></failure>
  </testcase>
  <testcase name="testMethod{TD}[2]" classname="cabbage.CabbageTest" time="0.003">
    <failure message="[stinks equal] &#10;Expecting:&#10; &lt;1&gt;&#10;to be equal to:&#10; &lt;0&gt;&#10;but was not." type="org.opentest4j.AssertionFailedError"><![CDATA[org.opentest4j.AssertionFailedError: 
[stinks equal] 
Expecting:
 <1>
to be equal to:
 <0>
but was not.
	at cabbage.CabbageTest.testMethod(CabbageTest.java:51)
]]></failure>
  </testcase>
  <testcase name="testMethod{TD}[3]" classname="cabbage.CabbageTest" time="0.001"/>
</testsuite>